<?xml version="1.0" encoding="UTF-8"?>
<testng-results ignored="0" total="1" passed="1" failed="0" skipped="0">
  <reporter-output>
  </reporter-output>
  <suite started-at="2022-12-01T16:18:13 IST" name="Default suite" finished-at="2022-12-01T16:18:20 IST" duration-ms="6750">
    <groups>
    </groups>
    <test started-at="2022-12-01T16:18:13 IST" name="Default test" finished-at="2022-12-01T16:18:20 IST" duration-ms="6750">
      <class name="srcdemo.SeleniumTest">
        <test-method signature="f()[pri:0, instance:srcdemo.SeleniumTest@595b007d]" started-at="2022-12-01T16:18:13 IST" name="f" finished-at="2022-12-01T16:18:20 IST" duration-ms="6646" status="PASS">
          <reporter-output>
          </reporter-output>
        </test-method> <!-- f -->
      </class> <!-- srcdemo.SeleniumTest -->
    </test> <!-- Default test -->
  </suite> <!-- Default suite -->
</testng-results>
