<?xml version="1.0" encoding="UTF-8"?>
<testng-results ignored="0" total="1" passed="1" failed="0" skipped="0">
  <reporter-output>
  </reporter-output>
  <suite started-at="2022-12-01T18:06:06 IST" name="Default suite" finished-at="2022-12-01T18:06:06 IST" duration-ms="54">
    <groups>
    </groups>
    <test started-at="2022-12-01T18:06:06 IST" name="Default test" finished-at="2022-12-01T18:06:06 IST" duration-ms="54">
      <class name="srcdemo.pollscmTest">
        <test-method signature="f()[pri:0, instance:srcdemo.pollscmTest@6c64cb25]" started-at="2022-12-01T18:06:06 IST" name="f" finished-at="2022-12-01T18:06:06 IST" duration-ms="10" status="PASS">
          <reporter-output>
          </reporter-output>
        </test-method> <!-- f -->
      </class> <!-- srcdemo.pollscmTest -->
    </test> <!-- Default test -->
  </suite> <!-- Default suite -->
</testng-results>
